<?xml version="1.0" encoding="UTF-8"?>
<!-- Generated by org.testng.reporters.JUnitXMLReporter -->
<testsuite ignored="0" hostname="KetMayu" failures="0" tests="18" name="Test" time="131.199" errors="0" timestamp="2023-08-11T00:30:00 IST">
  <testcase classname="com.qa.Ecommerce.tests.RegisterTest" name="registrationWithMandatoryFields" time="1.782"/>
  <testcase classname="com.qa.Ecommerce.tests.RegisterTest" name="registerWithAllField" time="1.848"/>
  <testcase classname="com.qa.Ecommerce.tests.RegisterTest" name="registerWithoutEnterAnyField" time="0.954"/>
  <testcase classname="com.qa.Ecommerce.tests.LoginTest" name="loginwithValidCredential" time="0.771"/>
  <testcase classname="com.qa.Ecommerce.tests.LoginTest" name="loginwithValidCredential" time="0.756"/>
  <testcase classname="com.qa.Ecommerce.tests.LoginTest" name="loginwithValidCredential" time="1.086"/>
  <testcase classname="com.qa.Ecommerce.tests.LoginTest" name="loginWithInvalidCredential" time="1.406"/>
  <testcase classname="com.qa.Ecommerce.tests.LoginTest" name="LoginInvalidEmailWithValidPassword" time="1.016"/>
  <testcase classname="com.qa.Ecommerce.tests.LoginTest" name="loginValidEmailWithInvalidPassword" time="0.876"/>
  <testcase classname="com.qa.Ecommerce.tests.LoginTest" name="loginWithoutCredential" time="0.471"/>
  <testcase classname="com.qa.Ecommerce.tests.ForgetPasswordTest" name="verifyForgetPassWorking" time="1.15"/>
  <testcase classname="com.qa.Ecommerce.tests.ForgetPasswordTest" name="verifyForgetPasswordWithoutExistingAccount" time="1.025"/>
  <testcase classname="com.qa.Ecommerce.tests.ForgetPasswordTest" name="verifyForgetPasswordFromLoginPageColoum" time="1.09"/>
  <testcase classname="com.qa.Ecommerce.tests.SearchTest" name="searchWithExistingProduct" time="0.523"/>
  <testcase classname="com.qa.Ecommerce.tests.SearchTest" name="searchWithNonExistingProduct" time="0.404"/>
  <testcase classname="com.qa.Ecommerce.tests.SearchTest" name="searchProductAfterLogin" time="1.219"/>
  <testcase classname="com.qa.Ecommerce.tests.SearchTest" name="searchProductWithoutProductName" time="0.329"/>
  <testcase classname="com.qa.Ecommerce.tests.SearchTest" name="searchBoxWithButtonAvailableonAllPage" time="0.865"/>
</testsuite> <!-- Test -->
